<?xml version="1.0" encoding="UTF-8" standalone="no"?>
<!DOCTYPE log SYSTEM "logger.dtd">
<log>
<record>
  <date>2023-03-13T16:03:04.550616Z</date>
  <millis>1678723384550</millis>
  <nanos>616000</nanos>
  <sequence>0</sequence>
  <logger>client.Client</logger>
  <level>INFO</level>
  <class>client.Client$SocketThread</class>
  <method>run</method>
  <thread>16</thread>
  <message>Успешное подключение к серверу.</message>
</record>
<record>
  <date>2023-03-13T16:03:04.622545Z</date>
  <millis>1678723384622</millis>
  <nanos>545000</nanos>
  <sequence>1</sequence>
  <logger>client.Client</logger>
  <level>INFO</level>
  <class>client.Client$SocketThread</class>
  <method>clientHandshake</method>
  <thread>16</thread>
  <message>Сервер запросил имя.</message>
</record>
<record>
  <date>2023-03-13T16:03:15.237943Z</date>
  <millis>1678723395237</millis>
  <nanos>943000</nanos>
  <sequence>2</sequence>
  <logger>client.Client</logger>
  <level>INFO</level>
  <class>client.Client$SocketThread</class>
  <method>clientHandshake</method>
  <thread>16</thread>
  <message>Отправка имени 'bert' на сервер</message>
</record>
<record>
  <date>2023-03-13T16:03:15.238557Z</date>
  <millis>1678723395238</millis>
  <nanos>557000</nanos>
  <sequence>3</sequence>
  <logger>client.Client</logger>
  <level>INFO</level>
  <class>client.Client$SocketThread</class>
  <method>clientHandshake</method>
  <thread>16</thread>
  <message>Сервер принял имя</message>
</record>
<record>
  <date>2023-03-13T16:03:15.238908Z</date>
  <millis>1678723395238</millis>
  <nanos>908000</nanos>
  <sequence>4</sequence>
  <logger>client.Client</logger>
  <level>INFO</level>
  <class>client.Client</class>
  <method>run</method>
  <thread>1</thread>
  <message>Соединение установлено.</message>
</record>
<record>
  <date>2023-03-13T16:03:15.239324Z</date>
  <millis>1678723395239</millis>
  <nanos>324000</nanos>
  <sequence>5</sequence>
  <logger>client.Client</logger>
  <level>INFO</level>
  <class>client.Client$SocketThread</class>
  <method>informAboutAddingNewUser</method>
  <thread>16</thread>
  <message>Участник 'bert' присоединился к чату.</message>
</record>
<record>
  <date>2023-03-13T16:03:28.549713Z</date>
  <millis>1678723408549</millis>
  <nanos>713000</nanos>
  <sequence>6</sequence>
  <logger>client.Client</logger>
  <level>INFO</level>
  <class>client.Client</class>
  <method>sendTextMessage</method>
  <thread>1</thread>
  <message>Отправлено сообщение: ghbdtn</message>
</record>
<record>
  <date>2023-03-13T16:03:28.559682Z</date>
  <millis>1678723408559</millis>
  <nanos>682000</nanos>
  <sequence>7</sequence>
  <logger>client.Client</logger>
  <level>INFO</level>
  <class>client.Client$SocketThread</class>
  <method>processIncomingMessage</method>
  <thread>16</thread>
  <message>Полученное сообщение: bert: ghbdtn</message>
</record>
<record>
  <date>2023-03-13T16:03:52.092555Z</date>
  <millis>1678723432092</millis>
  <nanos>555000</nanos>
  <sequence>8</sequence>
  <logger>client.Client</logger>
  <level>INFO</level>
  <class>client.Client</class>
  <method>sendTextMessage</method>
  <thread>1</thread>
  <message>Отправлено сообщение: df</message>
</record>
<record>
  <date>2023-03-13T16:03:52.093859Z</date>
  <millis>1678723432093</millis>
  <nanos>859000</nanos>
  <sequence>9</sequence>
  <logger>client.Client</logger>
  <level>INFO</level>
  <class>client.Client$SocketThread</class>
  <method>processIncomingMessage</method>
  <thread>16</thread>
  <message>Полученное сообщение: bert: df</message>
</record>
</log>
<?xml version="1.0" encoding="UTF-8" standalone="no"?>
<!DOCTYPE log SYSTEM "logger.dtd">
<log>
<record>
  <date>2023-03-13T16:16:03.211052Z</date>
  <millis>1678724163211</millis>
  <nanos>52000</nanos>
  <sequence>0</sequence>
  <logger>client.Client</logger>
  <level>INFO</level>
  <class>client.Client$SocketThread</class>
  <method>run</method>
  <thread>16</thread>
  <message>Успешное подключение к серверу.</message>
</record>
<record>
  <date>2023-03-13T16:16:03.278807Z</date>
  <millis>1678724163278</millis>
  <nanos>807000</nanos>
  <sequence>1</sequence>
  <logger>client.Client</logger>
  <level>INFO</level>
  <class>client.Client$SocketThread</class>
  <method>clientHandshake</method>
  <thread>16</thread>
  <message>Сервер запросил имя.</message>
</record>
<record>
  <date>2023-03-13T16:16:30.786627Z</date>
  <millis>1678724190786</millis>
  <nanos>627000</nanos>
  <sequence>2</sequence>
  <logger>client.Client</logger>
  <level>INFO</level>
  <class>client.Client$SocketThread</class>
  <method>clientHandshake</method>
  <thread>16</thread>
  <message>Отправка имени 'Albert1' на сервер</message>
</record>
<record>
  <date>2023-03-13T16:16:30.787215Z</date>
  <millis>1678724190787</millis>
  <nanos>215000</nanos>
  <sequence>3</sequence>
  <logger>client.Client</logger>
  <level>INFO</level>
  <class>client.Client$SocketThread</class>
  <method>clientHandshake</method>
  <thread>16</thread>
  <message>Сервер принял имя</message>
</record>
<record>
  <date>2023-03-13T16:16:30.787577Z</date>
  <millis>1678724190787</millis>
  <nanos>577000</nanos>
  <sequence>4</sequence>
  <logger>client.Client</logger>
  <level>INFO</level>
  <class>client.Client</class>
  <method>run</method>
  <thread>1</thread>
  <message>Соединение установлено.</message>
</record>
<record>
  <date>2023-03-13T16:16:30.788007Z</date>
  <millis>1678724190788</millis>
  <nanos>7000</nanos>
  <sequence>5</sequence>
  <logger>client.Client</logger>
  <level>INFO</level>
  <class>client.Client$SocketThread</class>
  <method>informAboutAddingNewUser</method>
  <thread>16</thread>
  <message>Участник 'Albert1' присоединился к чату.</message>
</record>
<record>
  <date>2023-03-13T16:17:17.971439Z</date>
  <millis>1678724237971</millis>
  <nanos>439000</nanos>
  <sequence>6</sequence>
  <logger>client.Client</logger>
  <level>INFO</level>
  <class>client.Client$SocketThread</class>
  <method>informAboutAddingNewUser</method>
  <thread>16</thread>
  <message>Участник 'Albert2' присоединился к чату.</message>
</record>
</log>
<?xml version="1.0" encoding="UTF-8" standalone="no"?>
<!DOCTYPE log SYSTEM "logger.dtd">
<log>
<record>
  <date>2023-03-13T16:24:39.428977Z</date>
  <millis>1678724679428</millis>
  <nanos>977000</nanos>
  <sequence>0</sequence>
  <logger>client.Client</logger>
  <level>INFO</level>
  <class>client.Client$SocketThread</class>
  <method>run</method>
  <thread>16</thread>
  <message>Успешное подключение к серверу.</message>
</record>
<record>
  <date>2023-03-13T16:24:39.486042Z</date>
  <millis>1678724679486</millis>
  <nanos>42000</nanos>
  <sequence>1</sequence>
  <logger>client.Client</logger>
  <level>INFO</level>
  <class>client.Client$SocketThread</class>
  <method>clientHandshake</method>
  <thread>16</thread>
  <message>Сервер запросил имя.</message>
</record>
<record>
  <date>2023-03-13T16:24:52.311406Z</date>
  <millis>1678724692311</millis>
  <nanos>406000</nanos>
  <sequence>2</sequence>
  <logger>client.Client</logger>
  <level>INFO</level>
  <class>client.Client$SocketThread</class>
  <method>clientHandshake</method>
  <thread>16</thread>
  <message>Отправка имени 'Al1' на сервер</message>
</record>
<record>
  <date>2023-03-13T16:24:52.312929Z</date>
  <millis>1678724692312</millis>
  <nanos>929000</nanos>
  <sequence>3</sequence>
  <logger>client.Client</logger>
  <level>INFO</level>
  <class>client.Client$SocketThread</class>
  <method>clientHandshake</method>
  <thread>16</thread>
  <message>Сервер принял имя</message>
</record>
<record>
  <date>2023-03-13T16:24:52.313668Z</date>
  <millis>1678724692313</millis>
  <nanos>668000</nanos>
  <sequence>4</sequence>
  <logger>client.Client</logger>
  <level>INFO</level>
  <class>client.Client</class>
  <method>run</method>
  <thread>1</thread>
  <message>Соединение установлено.</message>
</record>
<record>
  <date>2023-03-13T16:24:52.314379Z</date>
  <millis>1678724692314</millis>
  <nanos>379000</nanos>
  <sequence>5</sequence>
  <logger>client.Client</logger>
  <level>INFO</level>
  <class>client.Client$SocketThread</class>
  <method>informAboutAddingNewUser</method>
  <thread>16</thread>
  <message>Участник 'Al1' присоединился к чату.</message>
</record>
<record>
  <date>2023-03-13T16:25:59.430570Z</date>
  <millis>1678724759430</millis>
  <nanos>570000</nanos>
  <sequence>6</sequence>
  <logger>client.Client</logger>
  <level>INFO</level>
  <class>client.Client$SocketThread</class>
  <method>informAboutAddingNewUser</method>
  <thread>16</thread>
  <message>Участник 'dgdg' присоединился к чату.</message>
</record>
<record>
  <date>2023-03-13T16:26:19.604317Z</date>
  <millis>1678724779604</millis>
  <nanos>317000</nanos>
  <sequence>7</sequence>
  <logger>client.Client</logger>
  <level>INFO</level>
  <class>client.Client</class>
  <method>sendTextMessage</method>
  <thread>1</thread>
  <message>Отправлено сообщение: привет всем</message>
</record>
<record>
  <date>2023-03-13T16:26:19.605471Z</date>
  <millis>1678724779605</millis>
  <nanos>471000</nanos>
  <sequence>8</sequence>
  <logger>client.Client</logger>
  <level>INFO</level>
  <class>client.Client$SocketThread</class>
  <method>processIncomingMessage</method>
  <thread>16</thread>
  <message>Полученное сообщение: Al1: привет всем</message>
</record>
<record>
  <date>2023-03-13T16:26:32.372438Z</date>
  <millis>1678724792372</millis>
  <nanos>438000</nanos>
  <sequence>9</sequence>
  <logger>client.Client</logger>
  <level>INFO</level>
  <class>client.Client$SocketThread</class>
  <method>processIncomingMessage</method>
  <thread>16</thread>
  <message>Полученное сообщение: dgdg: привет</message>
</record>
<record>
  <date>2023-03-13T16:28:36.846407Z</date>
  <millis>1678724916846</millis>
  <nanos>407000</nanos>
  <sequence>10</sequence>
  <logger>client.Client</logger>
  <level>INFO</level>
  <class>client.Client</class>
  <method>sendTextMessage</method>
  <thread>1</thread>
  <message>Отправлено сообщение: как дела</message>
</record>
<record>
  <date>2023-03-13T16:28:36.847433Z</date>
  <millis>1678724916847</millis>
  <nanos>433000</nanos>
  <sequence>11</sequence>
  <logger>client.Client</logger>
  <level>INFO</level>
  <class>client.Client$SocketThread</class>
  <method>processIncomingMessage</method>
  <thread>16</thread>
  <message>Полученное сообщение: Al1: как дела</message>
</record>
<record>
  <date>2023-03-13T16:29:37.243935Z</date>
  <millis>1678724977243</millis>
  <nanos>935000</nanos>
  <sequence>12</sequence>
  <logger>client.Client</logger>
  <level>INFO</level>
  <class>client.Client</class>
  <method>sendTextMessage</method>
  <thread>1</thread>
  <message>Отправлено сообщение: а</message>
</record>
</log>
<?xml version="1.0" encoding="UTF-8" standalone="no"?>
<!DOCTYPE log SYSTEM "logger.dtd">
<log>
<record>
  <date>2023-03-13T19:12:12.973939Z</date>
  <millis>1678734732973</millis>
  <nanos>939000</nanos>
  <sequence>0</sequence>
  <logger>client.Client</logger>
  <level>INFO</level>
  <class>client.Client$SocketThread</class>
  <method>run</method>
  <thread>16</thread>
  <message>Успешное подключение к серверу.</message>
</record>
<record>
  <date>2023-03-13T19:12:13.025236Z</date>
  <millis>1678734733025</millis>
  <nanos>236000</nanos>
  <sequence>1</sequence>
  <logger>client.Client</logger>
  <level>INFO</level>
  <class>client.Client$SocketThread</class>
  <method>clientHandshake</method>
  <thread>16</thread>
  <message>Сервер запросил имя.</message>
</record>
<record>
  <date>2023-03-13T19:12:18.062574Z</date>
  <millis>1678734738062</millis>
  <nanos>574000</nanos>
  <sequence>2</sequence>
  <logger>client.Client</logger>
  <level>INFO</level>
  <class>client.Client$SocketThread</class>
  <method>clientHandshake</method>
  <thread>16</thread>
  <message>Отправка имени 'foma' на сервер</message>
</record>
<record>
  <date>2023-03-13T19:12:18.063348Z</date>
  <millis>1678734738063</millis>
  <nanos>348000</nanos>
  <sequence>3</sequence>
  <logger>client.Client</logger>
  <level>INFO</level>
  <class>client.Client$SocketThread</class>
  <method>clientHandshake</method>
  <thread>16</thread>
  <message>Сервер принял имя</message>
</record>
<record>
  <date>2023-03-13T19:12:18.063738Z</date>
  <millis>1678734738063</millis>
  <nanos>738000</nanos>
  <sequence>4</sequence>
  <logger>client.Client</logger>
  <level>INFO</level>
  <class>client.Client</class>
  <method>run</method>
  <thread>1</thread>
  <message>Соединение установлено.</message>
</record>
<record>
  <date>2023-03-13T19:12:18.064147Z</date>
  <millis>1678734738064</millis>
  <nanos>147000</nanos>
  <sequence>5</sequence>
  <logger>client.Client</logger>
  <level>INFO</level>
  <class>client.Client$SocketThread</class>
  <method>informAboutAddingNewUser</method>
  <thread>16</thread>
  <message>Участник 'foma' присоединился к чату.</message>
</record>
<record>
  <date>2023-03-13T19:12:35.774108Z</date>
  <millis>1678734755774</millis>
  <nanos>108000</nanos>
  <sequence>6</sequence>
  <logger>client.Client</logger>
  <level>INFO</level>
  <class>client.Client$SocketThread</class>
  <method>informAboutAddingNewUser</method>
  <thread>16</thread>
  <message>Участник 'dima' присоединился к чату.</message>
</record>
<record>
  <date>2023-03-13T19:17:06.531149Z</date>
  <millis>1678735026531</millis>
  <nanos>149000</nanos>
  <sequence>7</sequence>
  <logger>client.Client</logger>
  <level>INFO</level>
  <class>client.Client</class>
  <method>sendTextMessage</method>
  <thread>1</thread>
  <message>Отправлено сообщение: кто-нибудь в чате шарит как писать унит-тесты на многопоточность?</message>
</record>
<record>
  <date>2023-03-13T19:17:06.532794Z</date>
  <millis>1678735026532</millis>
  <nanos>794000</nanos>
  <sequence>8</sequence>
  <logger>client.Client</logger>
  <level>INFO</level>
  <class>client.Client$SocketThread</class>
  <method>processIncomingMessage</method>
  <thread>16</thread>
  <message>Полученное сообщение: foma: кто-нибудь в чате шарит как писать унит-тесты на многопоточность?</message>
</record>
<record>
  <date>2023-03-13T19:17:49.454975Z</date>
  <millis>1678735069454</millis>
  <nanos>975000</nanos>
  <sequence>9</sequence>
  <logger>client.Client</logger>
  <level>INFO</level>
  <class>client.Client$SocketThread</class>
  <method>processIncomingMessage</method>
  <thread>16</thread>
  <message>Полученное сообщение: dima: нее! сам 3 дня чекаю как это мутить</message>
</record>
<record>
  <date>2023-03-13T19:18:51.328384Z</date>
  <millis>1678735131328</millis>
  <nanos>384000</nanos>
  <sequence>10</sequence>
  <logger>client.Client</logger>
  <level>INFO</level>
  <class>client.Client</class>
  <method>sendTextMessage</method>
  <thread>1</thread>
  <message>Отправлено сообщение: ясн</message>
</record>
<record>
  <date>2023-03-13T19:18:51.330246Z</date>
  <millis>1678735131330</millis>
  <nanos>246000</nanos>
  <sequence>11</sequence>
  <logger>client.Client</logger>
  <level>INFO</level>
  <class>client.Client$SocketThread</class>
  <method>processIncomingMessage</method>
  <thread>16</thread>
  <message>Полученное сообщение: foma: ясн</message>
</record>
</log>
